Determining if the pthread_create exist failed with the following output:
Change Dir: /home/matheus/Documents/Mestrado/Tese/code/build/CMakeFiles/CMakeTmp

Run Build Command:"/usr/bin/make" "cmTC_0db66/fast"
/usr/bin/make -f CMakeFiles/cmTC_0db66.dir/build.make CMakeFiles/cmTC_0db66.dir/build
make[1]: Entering directory '/home/matheus/Documents/Mestrado/Tese/code/build/CMakeFiles/CMakeTmp'
Building C object CMakeFiles/cmTC_0db66.dir/CheckSymbolExists.c.o
/usr/bin/cc     -o CMakeFiles/cmTC_0db66.dir/CheckSymbolExists.c.o   -c /home/matheus/Documents/Mestrado/Tese/code/build/CMakeFiles/CMakeTmp/CheckSymbolExists.c
Linking C executable cmTC_0db66
/usr/bin/cmake -E cmake_link_script CMakeFiles/cmTC_0db66.dir/link.txt --verbose=1
/usr/bin/cc       CMakeFiles/cmTC_0db66.dir/CheckSymbolExists.c.o  -o cmTC_0db66 
CMakeFiles/cmTC_0db66.dir/CheckSymbolExists.c.o: In function `main':
CheckSymbolExists.c:(.text+0x16): undefined reference to `pthread_create'
collect2: error: ld returned 1 exit status
CMakeFiles/cmTC_0db66.dir/build.make:97: recipe for target 'cmTC_0db66' failed
make[1]: *** [cmTC_0db66] Error 1
make[1]: Leaving directory '/home/matheus/Documents/Mestrado/Tese/code/build/CMakeFiles/CMakeTmp'
Makefile:126: recipe for target 'cmTC_0db66/fast' failed
make: *** [cmTC_0db66/fast] Error 2

File /home/matheus/Documents/Mestrado/Tese/code/build/CMakeFiles/CMakeTmp/CheckSymbolExists.c:
/* */
#include <pthread.h>

int main(int argc, char** argv)
{
  (void)argv;
#ifndef pthread_create
  return ((int*)(&pthread_create))[argc];
#else
  (void)argc;
  return 0;
#endif
}

Determining if the function pthread_create exists in the pthreads failed with the following output:
Change Dir: /home/matheus/Documents/Mestrado/Tese/code/build/CMakeFiles/CMakeTmp

Run Build Command:"/usr/bin/make" "cmTC_16976/fast"
/usr/bin/make -f CMakeFiles/cmTC_16976.dir/build.make CMakeFiles/cmTC_16976.dir/build
make[1]: Entering directory '/home/matheus/Documents/Mestrado/Tese/code/build/CMakeFiles/CMakeTmp'
Building C object CMakeFiles/cmTC_16976.dir/CheckFunctionExists.c.o
/usr/bin/cc    -DCHECK_FUNCTION_EXISTS=pthread_create   -o CMakeFiles/cmTC_16976.dir/CheckFunctionExists.c.o   -c /usr/share/cmake-3.5/Modules/CheckFunctionExists.c
Linking C executable cmTC_16976
/usr/bin/cmake -E cmake_link_script CMakeFiles/cmTC_16976.dir/link.txt --verbose=1
/usr/bin/cc   -DCHECK_FUNCTION_EXISTS=pthread_create    CMakeFiles/cmTC_16976.dir/CheckFunctionExists.c.o  -o cmTC_16976 -lpthreads 
/usr/bin/ld: cannot find -lpthreads
collect2: error: ld returned 1 exit status
CMakeFiles/cmTC_16976.dir/build.make:97: recipe for target 'cmTC_16976' failed
make[1]: *** [cmTC_16976] Error 1
make[1]: Leaving directory '/home/matheus/Documents/Mestrado/Tese/code/build/CMakeFiles/CMakeTmp'
Makefile:126: recipe for target 'cmTC_16976/fast' failed
make: *** [cmTC_16976/fast] Error 2


